<?xml version="1.0" encoding="UTF-8"?>
<testng-results skipped="0" failed="0" total="1" passed="1">
  <reporter-output>
  </reporter-output>
  <suite name="Default suite" duration-ms="134" started-at="2016-11-02T06:49:33Z" finished-at="2016-11-02T06:49:34Z">
    <groups>
    </groups>
    <test name="Default test" duration-ms="134" started-at="2016-11-02T06:49:33Z" finished-at="2016-11-02T06:49:34Z">
      <class name="efficientSorts.QuickSort">
        <test-method status="PASS" signature="doQuickSort()[pri:0, instance:efficientSorts.QuickSort@2344fc66]" name="doQuickSort" duration-ms="66" started-at="2016-11-01T23:49:33Z" finished-at="2016-11-01T23:49:34Z">
          <reporter-output>
          </reporter-output>
        </test-method> <!-- doQuickSort -->
      </class> <!-- efficientSorts.QuickSort -->
    </test> <!-- Default test -->
  </suite> <!-- Default suite -->
</testng-results>
